<?xml version="1.0" encoding="UTF-8"?>
<testng-results ignored="0" total="1" passed="1" failed="0" skipped="0">
  <reporter-output>
  </reporter-output>
  <suite started-at="2019-07-14T04:12:03Z" name="Suite" finished-at="2019-07-14T04:12:31Z" duration-ms="28128">
    <groups>
    </groups>
    <test started-at="2019-07-14T04:12:03Z" name="Test" finished-at="2019-07-14T04:12:31Z" duration-ms="28128">
      <class name="example.NewTest">
        <test-method is-config="true" signature="beforeTest()[pri:0, instance:example.NewTest@75f32542]" started-at="2019-07-14T04:12:03Z" name="beforeTest" finished-at="2019-07-14T04:12:12Z" duration-ms="9135" status="PASS">
          <reporter-output>
          </reporter-output>
        </test-method> <!-- beforeTest -->
        <test-method signature="testEasy()[pri:0, instance:example.NewTest@75f32542]" started-at="2019-07-14T04:12:12Z" name="testEasy" finished-at="2019-07-14T04:12:27Z" duration-ms="14891" status="PASS">
          <reporter-output>
          </reporter-output>
        </test-method> <!-- testEasy -->
        <test-method is-config="true" signature="afterTest()[pri:0, instance:example.NewTest@75f32542]" started-at="2019-07-14T04:12:27Z" name="afterTest" finished-at="2019-07-14T04:12:31Z" duration-ms="4070" status="PASS">
          <reporter-output>
          </reporter-output>
        </test-method> <!-- afterTest -->
      </class> <!-- example.NewTest -->
    </test> <!-- Test -->
  </suite> <!-- Suite -->
</testng-results>
